[06-26-2022 22:13:48] : INFO : {load_data.py : 54} - Starting data pipeline...
[06-26-2022 22:14:04] : ERROR : {load_data.py : 87} - writers.las: Couldn't open file 'C:\Users\user\Desktop\10_Academy\Week_7\Agritech-LIDAR\scripts\data\IL_BooneCo_2007.las' for output.
[06-26-2022 22:21:28] : INFO : {load_data.py : 54} - Starting data pipeline...
[06-26-2022 22:21:35] : INFO : {load_data.py : 62} - Ran data pipeline successfully!
[06-26-2022 22:21:35] : INFO : {load_data.py : 70} - Constructing geopandas dataframe...
[06-26-2022 22:21:38] : INFO : {load_data.py : 82} - Geopandas dataframe ran successfully!
[06-26-2022 22:22:19] : INFO : {load_data.py : 54} - Starting data pipeline...
[06-26-2022 22:22:24] : ERROR : {load_data.py : 87} - writers.las: Couldn't open file 'c:\Users\user\Desktop\10_Academy\Week_7\Agritech-LIDAR\notebooks\data\IL_BooneCo_2007.las' for output.
[06-26-2022 22:25:10] : INFO : {load_data.py : 54} - Starting data pipeline...
[06-26-2022 22:25:15] : ERROR : {load_data.py : 87} - writers.las: Couldn't open file 'c:\Users\user\Desktop\10_Academy\Week_7\Agritech-LIDAR\notebooks\data\IL_BooneCo_2007.las' for output.
[06-26-2022 22:25:35] : INFO : {load_data.py : 54} - Starting data pipeline...
[06-26-2022 22:25:35] : INFO : {load_data.py : 54} - Starting data pipeline...
[06-26-2022 22:26:00] : ERROR : {load_data.py : 87} - writers.las: Couldn't open file 'c:\Users\user\Desktop\10_Academy\Week_7\Agritech-LIDAR\notebooks\data\IL_BooneCo_2007.las' for output.
[06-26-2022 22:26:00] : ERROR : {load_data.py : 87} - writers.las: Couldn't open file 'c:\Users\user\Desktop\10_Academy\Week_7\Agritech-LIDAR\notebooks\data\IL_BooneCo_2007.las' for output.
[06-26-2022 22:30:13] : INFO : {load_data.py : 57} - Starting data pipeline...
[06-26-2022 22:30:13] : INFO : {load_data.py : 57} - Starting data pipeline...
[06-26-2022 22:30:13] : INFO : {load_data.py : 57} - Starting data pipeline...
[06-26-2022 22:30:13] : INFO : {load_data.py : 57} - Starting data pipeline...
[06-26-2022 22:30:13] : INFO : {load_data.py : 57} - Starting data pipeline...
[06-26-2022 22:30:17] : INFO : {load_data.py : 65} - Ran data pipeline successfully!
[06-26-2022 22:30:17] : INFO : {load_data.py : 65} - Ran data pipeline successfully!
[06-26-2022 22:30:17] : INFO : {load_data.py : 65} - Ran data pipeline successfully!
[06-26-2022 22:30:17] : INFO : {load_data.py : 65} - Ran data pipeline successfully!
[06-26-2022 22:30:17] : INFO : {load_data.py : 65} - Ran data pipeline successfully!
[06-26-2022 22:30:17] : INFO : {load_data.py : 73} - Constructing geopandas dataframe...
[06-26-2022 22:30:17] : INFO : {load_data.py : 73} - Constructing geopandas dataframe...
[06-26-2022 22:30:17] : INFO : {load_data.py : 73} - Constructing geopandas dataframe...
[06-26-2022 22:30:17] : INFO : {load_data.py : 73} - Constructing geopandas dataframe...
[06-26-2022 22:30:17] : INFO : {load_data.py : 73} - Constructing geopandas dataframe...
[06-26-2022 22:30:19] : INFO : {load_data.py : 85} - Geopandas dataframe ran successfully!
[06-26-2022 22:30:19] : INFO : {load_data.py : 85} - Geopandas dataframe ran successfully!
[06-26-2022 22:30:19] : INFO : {load_data.py : 85} - Geopandas dataframe ran successfully!
[06-26-2022 22:30:19] : INFO : {load_data.py : 85} - Geopandas dataframe ran successfully!
[06-26-2022 22:30:19] : INFO : {load_data.py : 85} - Geopandas dataframe ran successfully!
